-------------------------------------------------------------------------------
Test set: com.fbp.engine.runner.stage1.Step10FinalTest$message
-------------------------------------------------------------------------------
Tests run: 7, Failures: 1, Errors: 0, Skipped: 0, Time elapsed: 42.08 s <<< FAILURE! -- in com.fbp.engine.runner.stage1.Step10FinalTest$message
com.fbp.engine.runner.stage1.Step10FinalTest$message.count_message -- Time elapsed: 7.019 s <<< FAILURE!
org.opentest4j.AssertionFailedError: expected: <8> but was: <83>
	at org.junit.jupiter.api.AssertionFailureBuilder.build(AssertionFailureBuilder.java:151)
	at org.junit.jupiter.api.AssertionFailureBuilder.buildAndThrow(AssertionFailureBuilder.java:132)
	at org.junit.jupiter.api.AssertEquals.failNotEqual(AssertEquals.java:197)
	at org.junit.jupiter.api.AssertEquals.assertEquals(AssertEquals.java:150)
	at org.junit.jupiter.api.AssertEquals.assertEquals(AssertEquals.java:145)
	at org.junit.jupiter.api.Assertions.assertEquals(Assertions.java:531)
	at com.fbp.engine.runner.stage1.Step10FinalTest$message.count_message(Step10FinalTest.java:104)
	at java.base/java.lang.reflect.Method.invoke(Method.java:580)
	at java.base/java.util.ArrayList.forEach(ArrayList.java:1596)
	at java.base/java.util.ArrayList.forEach(ArrayList.java:1596)
	at java.base/java.util.ArrayList.forEach(ArrayList.java:1596)

