<?xml version="1.0" encoding="UTF-8"?>
<testsuite xmlns:xsi="http://www.w3.org/2001/XMLSchema-instance" xsi:noNamespaceSchemaLocation="https://maven.apache.org/surefire/maven-surefire-plugin/xsd/surefire-test-report.xsd" version="3.0.1" name="com.fbp.engine.AppTest$message" time="42.077" tests="7" errors="0" skipped="0" failures="0">
  <properties>
[...]
</properties>
  <testcase name="engine_start_end" classname="com.fbp.engine.AppTest" time="5.055">
    <system-out><![CDATA[18:41:25.536 [main] INFO com.fbp.engine.core.FlowEngine -- [Engine] 플로우 testFlow 등록됨
18:41:25.540 [main] INFO com.fbp.engine.core.FlowEngine -- [Engine] 플로우 'testFlow' 시작됨
[sensor] processing message...
[threshold] processing message...
[sensor] processing complete.
[threshold] processing complete.
[alertNode] processing message...
[18:41:25.555][alertNode] {temperature=33.8, unit=°C, sensorId=sensor, timestamp=1775814085555}
[alertNode] processing complete.
[sensor] processing message...
[sensor] processing complete.
[threshold] processing message...
[threshold] processing complete.
[log] processing message...
[18:41:26.541][log] {temperature=26.4, unit=°C, sensorId=sensor, timestamp=1775814086541}
[log] processing complete.
[file] processing message...
[file] processing complete.
[sensor] processing message...
[sensor] processing complete.
[threshold] processing message...
[threshold] processing complete.
[log] processing message...
[18:41:27.542][log] {temperature=22.7, unit=°C, sensorId=sensor, timestamp=1775814087542}
[log] processing complete.
[file] processing message...
[file] processing complete.
[sensor] processing message...
[sensor] processing complete.
[threshold] processing message...
[threshold] processing complete.
[alertNode] processing message...
[18:41:28.545][alertNode] {temperature=37.0, unit=°C, sensorId=sensor, timestamp=1775814088544}
[alertNode] processing complete.
[sensor] processing message...
[sensor] processing complete.
[threshold] processing message...
[threshold] processing complete.
[alertNode] processing message...
[18:41:29.542][alertNode] {temperature=36.1, unit=°C, sensorId=sensor, timestamp=1775814089541}
[alertNode] processing complete.
[sensor] processing message...
[sensor] processing complete.
[threshold] processing message...
[threshold] processing complete.
[alertNode] processing message...
[18:41:30.542][alertNode] {temperature=33.7, unit=°C, sensorId=sensor, timestamp=1775814090541}
[alertNode] processing complete.
]]></system-out>
  </testcase>
  <testcase name="count_message" classname="com.fbp.engine.AppTest$message" time="7.009">
    <system-out><![CDATA[18:41:30.562 [main] INFO com.fbp.engine.core.FlowEngine -- [Engine] 플로우 testFlow 등록됨
[sensor] processing message...
[sensor] processing complete.
[threshold] processing message...
[threshold] processing complete.
[alertNode] processing message...
[18:41:30.563][alertNode] {temperature=42.1, unit=°C, sensorId=sensor, timestamp=1775814090563}
[alertNode] processing complete.
18:41:30.564 [main] INFO com.fbp.engine.core.FlowEngine -- [Engine] 플로우 'testFlow' 시작됨
[sensor] processing message...
[sensor] processing complete.
[threshold] processing message...
[threshold] processing complete.
[log] processing message...
[18:41:31.567][log] {temperature=28.1, unit=°C, sensorId=sensor, timestamp=1775814091566}
[log] processing complete.
[file] processing message...
[file] processing complete.
[sensor] processing message...
[sensor] processing complete.
[threshold] processing message...
[threshold] processing complete.
[log] processing message...
[18:41:32.569][log] {temperature=24.2, unit=°C, sensorId=sensor, timestamp=1775814092568}
[log] processing complete.
[file] processing message...
[file] processing complete.
[sensor] processing message...
[sensor] processing complete.
[threshold] processing message...
[threshold] processing complete.
[log] processing message...
[18:41:33.565][log] {temperature=25.1, unit=°C, sensorId=sensor, timestamp=1775814093565}
[log] processing complete.
[file] processing message...
[file] processing complete.
[sensor] processing message...
[sensor] processing complete.
[threshold] processing message...
[threshold] processing complete.
[alertNode] processing message...
[18:41:34.566][alertNode] {temperature=43.8, unit=°C, sensorId=sensor, timestamp=1775814094566}
[alertNode] processing complete.
[sensor] processing message...
[sensor] processing complete.
[threshold] processing message...
[threshold] processing complete.
[log] processing message...
[18:41:35.568][log] {temperature=16.2, unit=°C, sensorId=sensor, timestamp=1775814095568}
[log] processing complete.
[file] processing message...
[file] processing complete.
[sensor] processing message...
[sensor] processing complete.
[threshold] processing message...
[threshold] processing complete.
[log] processing message...
[18:41:36.569][log] {temperature=26.0, unit=°C, sensorId=sensor, timestamp=1775814096568}
[log] processing complete.
[file] processing message...
[file] processing complete.
[sensor] processing message...
[sensor] processing complete.
[threshold] processing message...
[threshold] processing complete.
[alertNode] processing message...
[18:41:37.564][alertNode] {temperature=39.3, unit=°C, sensorId=sensor, timestamp=1775814097563}
[alertNode] processing complete.
]]></system-out>
  </testcase>
  <testcase name="temperature_range" classname="com.fbp.engine.AppTest$message" time="7.01">
    <system-out><![CDATA[18:41:37.572 [main] INFO com.fbp.engine.core.FlowEngine -- [Engine] 플로우 testFlow 등록됨
[sensor] processing message...
[sensor] processing complete.
[threshold] processing message...
[threshold] processing complete.
[alertNode] processing message...
[18:41:37.574][alertNode] {temperature=44.1, unit=°C, sensorId=sensor, timestamp=1775814097574}
[alertNode] processing complete.
18:41:37.575 [main] INFO com.fbp.engine.core.FlowEngine -- [Engine] 플로우 'testFlow' 시작됨
[sensor] processing message...
[sensor] processing complete.
[threshold] processing message...
[threshold] processing complete.
[alertNode] processing message...
[18:41:38.574][alertNode] {temperature=30.5, unit=°C, sensorId=sensor, timestamp=1775814098574}
[alertNode] processing complete.
[sensor] processing message...
[sensor] processing complete.
[threshold] processing message...
[threshold] processing complete.
[alertNode] processing message...
[18:41:39.578][alertNode] {temperature=37.5, unit=°C, sensorId=sensor, timestamp=1775814099578}
[alertNode] processing complete.
[sensor] processing message...
[sensor] processing complete.
[threshold] processing message...
[threshold] processing complete.
[alertNode] processing message...
[18:41:40.578][alertNode] {temperature=38.0, unit=°C, sensorId=sensor, timestamp=1775814100578}
[alertNode] processing complete.
[sensor] processing message...
[sensor] processing complete.
[threshold] processing message...
[threshold] processing complete.
[log] processing message...
[18:41:41.578][log] {temperature=24.5, unit=°C, sensorId=sensor, timestamp=1775814101577}
[log] processing complete.
[file] processing message...
[file] processing complete.
[sensor] processing message...
[sensor] processing complete.
[threshold] processing message...
[threshold] processing complete.
[alertNode] processing message...
[18:41:42.576][alertNode] {temperature=35.7, unit=°C, sensorId=sensor, timestamp=1775814102576}
[alertNode] processing complete.
[sensor] processing message...
[sensor] processing complete.
[threshold] processing message...
[threshold] processing complete.
[log] processing message...
[18:41:43.578][log] {temperature=18.0, unit=°C, sensorId=sensor, timestamp=1775814103577}
[log] processing complete.
[file] processing message...
[file] processing complete.
[sensor] processing message...
[threshold] processing message...
[sensor] processing complete.
[threshold] processing complete.
[alertNode] processing message...
[18:41:44.574][alertNode] {temperature=42.7, unit=°C, sensorId=sensor, timestamp=1775814104574}
[alertNode] processing complete.
]]></system-out>
  </testcase>
  <testcase name="file" classname="com.fbp.engine.AppTest$message" time="7.012">
    <system-out><![CDATA[18:41:44.583 [main] INFO com.fbp.engine.core.FlowEngine -- [Engine] 플로우 testFlow 등록됨
[sensor] processing message...
[sensor] processing complete.
[threshold] processing message...
[threshold] processing complete.
[log] processing message...
[18:41:44.584][log] {temperature=24.2, unit=°C, sensorId=sensor, timestamp=1775814104584}
[log] processing complete.
[file] processing message...
18:41:44.584 [main] INFO com.fbp.engine.core.FlowEngine -- [Engine] 플로우 'testFlow' 시작됨
[file] processing complete.
[sensor] processing message...
[sensor] processing complete.
[threshold] processing message...
[threshold] processing complete.
[alertNode] processing message...
[18:41:45.589][alertNode] {temperature=31.3, unit=°C, sensorId=sensor, timestamp=1775814105589}
[alertNode] processing complete.
[sensor] processing message...
[sensor] processing complete.
[threshold] processing message...
[threshold] processing complete.
[log] processing message...
[18:41:46.588][log] {temperature=20.9, unit=°C, sensorId=sensor, timestamp=1775814106588}
[log] processing complete.
[file] processing message...
[file] processing complete.
[sensor] processing message...
[sensor] processing complete.
[threshold] processing message...
[threshold] processing complete.
[log] processing message...
[18:41:47.586][log] {temperature=28.2, unit=°C, sensorId=sensor, timestamp=1775814107586}
[log] processing complete.
[file] processing message...
[file] processing complete.
[sensor] processing message...
[sensor] processing complete.
[threshold] processing message...
[threshold] processing complete.
[alertNode] processing message...
[18:41:48.587][alertNode] {temperature=42.6, unit=°C, sensorId=sensor, timestamp=1775814108587}
[alertNode] processing complete.
[sensor] processing message...
[sensor] processing complete.
[threshold] processing message...
[threshold] processing complete.
[log] processing message...
[18:41:49.585][log] {temperature=29.4, unit=°C, sensorId=sensor, timestamp=1775814109584}
[log] processing complete.
[file] processing message...
[file] processing complete.
[sensor] processing message...
[sensor] processing complete.
[threshold] processing message...
[threshold] processing complete.
[alertNode] processing message...
[18:41:50.588][alertNode] {temperature=33.0, unit=°C, sensorId=sensor, timestamp=1775814110587}
[alertNode] processing complete.
[sensor] processing message...
[threshold] processing message...
[sensor] processing complete.
[log] processing message...
[threshold] processing complete.
[18:41:51.590][log] {temperature=24.3, unit=°C, sensorId=sensor, timestamp=1775814111589}
[log] processing complete.
[file] processing message...
[file] processing complete.
]]></system-out>
  </testcase>
  <testcase name="sensor_data_format" classname="com.fbp.engine.AppTest$message" time="7.017">
    <system-out><![CDATA[18:41:51.596 [main] INFO com.fbp.engine.core.FlowEngine -- [Engine] 플로우 testFlow 등록됨
[sensor] processing message...
[sensor] processing complete.
[threshold] processing message...
[threshold] processing complete.
[alertNode] processing message...
[18:41:51.598][alertNode] {temperature=30.8, unit=°C, sensorId=sensor, timestamp=1775814111598}
18:41:51.598 [main] INFO com.fbp.engine.core.FlowEngine -- [Engine] 플로우 'testFlow' 시작됨
[alertNode] processing complete.
[sensor] processing message...
[sensor] processing complete.
[threshold] processing message...
[alertNode] processing message...
[threshold] processing complete.
[18:41:52.603][alertNode] {temperature=30.9, unit=°C, sensorId=sensor, timestamp=1775814112603}
[alertNode] processing complete.
[sensor] processing message...
[sensor] processing complete.
[threshold] processing message...
[threshold] processing complete.
[alertNode] processing message...
[18:41:53.603][alertNode] {temperature=42.2, unit=°C, sensorId=sensor, timestamp=1775814113603}
[alertNode] processing complete.
[sensor] processing message...
[sensor] processing complete.
[threshold] processing message...
[threshold] processing complete.
[alertNode] processing message...
[18:41:54.601][alertNode] {temperature=37.2, unit=°C, sensorId=sensor, timestamp=1775814114601}
[alertNode] processing complete.
[sensor] processing message...
[sensor] processing complete.
[threshold] processing message...
[threshold] processing complete.
[alertNode] processing message...
[18:41:55.601][alertNode] {temperature=44.8, unit=°C, sensorId=sensor, timestamp=1775814115601}
[alertNode] processing complete.
[sensor] processing message...
[sensor] processing complete.
[threshold] processing message...
[threshold] processing complete.
[log] processing message...
[18:41:56.601][log] {temperature=22.6, unit=°C, sensorId=sensor, timestamp=1775814116601}
[log] processing complete.
[file] processing message...
[file] processing complete.
[sensor] processing message...
[sensor] processing complete.
[threshold] processing message...
[threshold] processing complete.
[alertNode] processing message...
[18:41:57.602][alertNode] {temperature=43.2, unit=°C, sensorId=sensor, timestamp=1775814117602}
[alertNode] processing complete.
[sensor] processing message...
[sensor] processing complete.
[threshold] processing message...
[threshold] processing complete.
[log] processing message...
[18:41:58.603][log] {temperature=19.1, unit=°C, sensorId=sensor, timestamp=1775814118603}
[log] processing complete.
[file] processing message...
[file] processing complete.
]]></system-out>
  </testcase>
  <testcase name="alert_message" classname="com.fbp.engine.AppTest$message" time="7.01">
    <system-out><![CDATA[18:41:58.613 [main] INFO com.fbp.engine.core.FlowEngine -- [Engine] 플로우 testFlow 등록됨
[sensor] processing message...
[sensor] processing complete.
[threshold] processing message...
[threshold] processing complete.
[alertNode] processing message...
[18:41:58.615][alertNode] {temperature=40.8, unit=°C, sensorId=sensor, timestamp=1775814118615}
[alertNode] processing complete.
18:41:58.615 [main] INFO com.fbp.engine.core.FlowEngine -- [Engine] 플로우 'testFlow' 시작됨
[sensor] processing message...
[threshold] processing message...
[threshold] processing complete.
[sensor] processing complete.
[alertNode] processing message...
[18:41:59.620][alertNode] {temperature=41.4, unit=°C, sensorId=sensor, timestamp=1775814119620}
[alertNode] processing complete.
[sensor] processing message...
[sensor] processing complete.
[threshold] processing message...
[threshold] processing complete.
[alertNode] processing message...
[18:42:00.641][alertNode] {temperature=35.8, unit=°C, sensorId=sensor, timestamp=1775814120641}
[alertNode] processing complete.
[sensor] processing message...
[sensor] processing complete.
[threshold] processing message...
[threshold] processing complete.
[alertNode] processing message...
[18:42:01.616][alertNode] {temperature=38.0, unit=°C, sensorId=sensor, timestamp=1775814121616}
[alertNode] processing complete.
[sensor] processing message...
[sensor] processing complete.
[threshold] processing message...
[threshold] processing complete.
[log] processing message...
[18:42:02.620][log] {temperature=17.2, unit=°C, sensorId=sensor, timestamp=1775814122619}
[log] processing complete.
[file] processing message...
[file] processing complete.
[sensor] processing message...
[sensor] processing complete.
[threshold] processing message...
[threshold] processing complete.
[log] processing message...
[18:42:03.620][log] {temperature=23.5, unit=°C, sensorId=sensor, timestamp=1775814123620}
[log] processing complete.
[file] processing message...
[file] processing complete.
[sensor] processing message...
[sensor] processing complete.
[threshold] processing message...
[threshold] processing complete.
[alertNode] processing message...
[18:42:04.615][alertNode] {temperature=34.1, unit=°C, sensorId=sensor, timestamp=1775814124615}
[alertNode] processing complete.
[sensor] processing message...
[threshold] processing message...
[sensor] processing complete.
[threshold] processing complete.
[log] processing message...
[18:42:05.619][log] {temperature=15.4, unit=°C, sensorId=sensor, timestamp=1775814125619}
[log] processing complete.
[file] processing message...
[file] processing complete.
]]></system-out>
  </testcase>
  <testcase name="normal_message" classname="com.fbp.engine.AppTest$message" time="7.008">
    <system-out><![CDATA[18:42:05.627 [main] INFO com.fbp.engine.core.FlowEngine -- [Engine] 플로우 testFlow 등록됨
[sensor] processing message...
[sensor] processing complete.
[threshold] processing message...
[threshold] processing complete.
[alertNode] processing message...
[18:42:05.629][alertNode] {temperature=39.6, unit=°C, sensorId=sensor, timestamp=1775814125629}
[alertNode] processing complete.
18:42:05.629 [main] INFO com.fbp.engine.core.FlowEngine -- [Engine] 플로우 'testFlow' 시작됨
[sensor] processing message...
[sensor] processing complete.
[threshold] processing message...
[threshold] processing complete.
[alertNode] processing message...
[18:42:06.632][alertNode] {temperature=30.1, unit=°C, sensorId=sensor, timestamp=1775814126632}
[alertNode] processing complete.
[sensor] processing message...
[sensor] processing complete.
[threshold] processing message...
[threshold] processing complete.
[log] processing message...
[18:42:07.633][log] {temperature=22.1, unit=°C, sensorId=sensor, timestamp=1775814127633}
[log] processing complete.
[file] processing message...
[file] processing complete.
[sensor] processing message...
[sensor] processing complete.
[threshold] processing message...
[threshold] processing complete.
[alertNode] processing message...
[18:42:08.632][alertNode] {temperature=38.7, unit=°C, sensorId=sensor, timestamp=1775814128632}
[alertNode] processing complete.
[sensor] processing message...
[sensor] processing complete.
[threshold] processing message...
[threshold] processing complete.
[alertNode] processing message...
[18:42:09.629][alertNode] {temperature=39.4, unit=°C, sensorId=sensor, timestamp=1775814129629}
[alertNode] processing complete.
[sensor] processing message...
[sensor] processing complete.
[threshold] processing message...
[threshold] processing complete.
[alertNode] processing message...
[18:42:10.633][alertNode] {temperature=43.8, unit=°C, sensorId=sensor, timestamp=1775814130633}
[alertNode] processing complete.
[sensor] processing message...
[threshold] processing message...
[sensor] processing complete.
[log] processing message...
[threshold] processing complete.
[18:42:11.634][log] {temperature=20.1, unit=°C, sensorId=sensor, timestamp=1775814131633}
[log] processing complete.
[file] processing message...
[file] processing complete.
[sensor] processing message...
[sensor] processing complete.
[threshold] processing message...
[threshold] processing complete.
[log] processing message...
[18:42:12.631][log] {temperature=15.5, unit=°C, sensorId=sensor, timestamp=1775814132631}
[log] processing complete.
[file] processing message...
[file] processing complete.
]]></system-out>
  </testcase>
</testsuite>