<?xml version="1.0" encoding="UTF-8"?>
<testsuite xmlns:xsi="http://www.w3.org/2001/XMLSchema-instance" xsi:noNamespaceSchemaLocation="https://maven.apache.org/surefire/maven-surefire-plugin/xsd/surefire-test-report.xsd" version="3.0.1" name="com.fbp.engine.AppTest$message" time="42.081" tests="7" errors="0" skipped="0" failures="0">
  <properties>
[...]
</properties>
  <testcase name="engine_start_end" classname="com.fbp.engine.AppTest" time="5.062">
    <system-out><![CDATA[09:49:29.394 [main] INFO com.fbp.engine.core.FlowEngine -- [Engine] 플로우 testFlow 등록됨
09:49:29.397 [main] INFO com.fbp.engine.core.FlowEngine -- [Engine] 플로우 'testFlow' 시작됨
[sensor] processing message...
[threshold] processing message...
[sensor] processing complete.
[threshold] processing complete.
[log] processing message...
[09:49:29.410][log] {temperature=18.1, unit=°C, sensorId=sensor, timestamp=1776646169410}
[log] processing complete.
[file] processing message...
[file] processing complete.
[sensor] processing message...
[sensor] processing complete.
[threshold] processing message...
[threshold] processing complete.
[log] processing message...
[09:49:30.403][log] {temperature=16.0, unit=°C, sensorId=sensor, timestamp=1776646170403}
[log] processing complete.
[file] processing message...
[file] processing complete.
[sensor] processing message...
[sensor] processing complete.
[threshold] processing message...
[threshold] processing complete.
[alertNode] processing message...
[09:49:31.400][alertNode] {temperature=42.0, unit=°C, sensorId=sensor, timestamp=1776646171400}
[alertNode] processing complete.
[sensor] processing message...
[sensor] processing complete.
[threshold] processing message...
[threshold] processing complete.
[log] processing message...
[09:49:32.402][log] {temperature=25.4, unit=°C, sensorId=sensor, timestamp=1776646172402}
[log] processing complete.
[file] processing message...
[file] processing complete.
[sensor] processing message...
[sensor] processing complete.
[threshold] processing message...
[threshold] processing complete.
[log] processing message...
[09:49:33.402][log] {temperature=22.6, unit=°C, sensorId=sensor, timestamp=1776646173402}
[log] processing complete.
[file] processing message...
[file] processing complete.
[sensor] processing message...
[sensor] processing complete.
[threshold] processing message...
[threshold] processing complete.
[log] processing message...
[09:49:34.402][log] {temperature=27.7, unit=°C, sensorId=sensor, timestamp=1776646174402}
[log] processing complete.
[file] processing message...
[file] processing complete.
]]></system-out>
  </testcase>
  <testcase name="count_message" classname="com.fbp.engine.AppTest$message" time="7.013">
    <system-out><![CDATA[09:49:34.425 [main] INFO com.fbp.engine.core.FlowEngine -- [Engine] 플로우 testFlow 등록됨
[sensor] processing message...
[sensor] processing complete.
[threshold] processing message...
[threshold] processing complete.
[log] processing message...
[09:49:34.427][log] {temperature=29.6, unit=°C, sensorId=sensor, timestamp=1776646174426}
[log] processing complete.
[file] processing message...
09:49:34.427 [main] INFO com.fbp.engine.core.FlowEngine -- [Engine] 플로우 'testFlow' 시작됨
[file] processing complete.
[sensor] processing message...
[sensor] processing complete.
[threshold] processing message...
[threshold] processing complete.
[alertNode] processing message...
[09:49:35.432][alertNode] {temperature=33.7, unit=°C, sensorId=sensor, timestamp=1776646175432}
[alertNode] processing complete.
[sensor] processing message...
[sensor] processing complete.
[threshold] processing message...
[threshold] processing complete.
[alertNode] processing message...
[09:49:36.428][alertNode] {temperature=39.3, unit=°C, sensorId=sensor, timestamp=1776646176428}
[alertNode] processing complete.
[sensor] processing message...
[sensor] processing complete.
[threshold] processing message...
[log] processing message...
[threshold] processing complete.
[09:49:37.432][log] {temperature=18.0, unit=°C, sensorId=sensor, timestamp=1776646177432}
[log] processing complete.
[file] processing message...
[file] processing complete.
[sensor] processing message...
[sensor] processing complete.
[threshold] processing message...
[threshold] processing complete.
[alertNode] processing message...
[09:49:38.430][alertNode] {temperature=36.9, unit=°C, sensorId=sensor, timestamp=1776646178430}
[alertNode] processing complete.
[sensor] processing message...
[sensor] processing complete.
[threshold] processing message...
[threshold] processing complete.
[alertNode] processing message...
[09:49:39.432][alertNode] {temperature=42.9, unit=°C, sensorId=sensor, timestamp=1776646179432}
[alertNode] processing complete.
[sensor] processing message...
[sensor] processing complete.
[threshold] processing message...
[threshold] processing complete.
[log] processing message...
[09:49:40.431][log] {temperature=28.4, unit=°C, sensorId=sensor, timestamp=1776646180431}
[log] processing complete.
[file] processing message...
[file] processing complete.
[sensor] processing message...
[sensor] processing complete.
[threshold] processing message...
[threshold] processing complete.
[log] processing message...
[09:49:41.432][log] {temperature=18.5, unit=°C, sensorId=sensor, timestamp=1776646181431}
[log] processing complete.
[file] processing message...
[file] processing complete.
]]></system-out>
  </testcase>
  <testcase name="temperature_range" classname="com.fbp.engine.AppTest$message" time="7.009">
    <system-out><![CDATA[09:49:41.439 [main] INFO com.fbp.engine.core.FlowEngine -- [Engine] 플로우 testFlow 등록됨
[sensor] processing message...
[sensor] processing complete.
[threshold] processing message...
[threshold] processing complete.
[log] processing message...
09:49:41.441 [main] INFO com.fbp.engine.core.FlowEngine -- [Engine] 플로우 'testFlow' 시작됨
[09:49:41.441][log] {temperature=15.9, unit=°C, sensorId=sensor, timestamp=1776646181441}
[log] processing complete.
[file] processing message...
[file] processing complete.
[sensor] processing message...
[sensor] processing complete.
[threshold] processing message...
[threshold] processing complete.
[log] processing message...
[09:49:42.447][log] {temperature=19.8, unit=°C, sensorId=sensor, timestamp=1776646182446}
[log] processing complete.
[file] processing message...
[file] processing complete.
[sensor] processing message...
[sensor] processing complete.
[threshold] processing message...
[threshold] processing complete.
[alertNode] processing message...
[09:49:43.447][alertNode] {temperature=35.5, unit=°C, sensorId=sensor, timestamp=1776646183446}
[alertNode] processing complete.
[sensor] processing message...
[sensor] processing complete.
[threshold] processing message...
[threshold] processing complete.
[log] processing message...
[09:49:44.446][log] {temperature=20.1, unit=°C, sensorId=sensor, timestamp=1776646184446}
[log] processing complete.
[file] processing message...
[file] processing complete.
[sensor] processing message...
[sensor] processing complete.
[threshold] processing message...
[threshold] processing complete.
[alertNode] processing message...
[09:49:45.446][alertNode] {temperature=33.9, unit=°C, sensorId=sensor, timestamp=1776646185446}
[alertNode] processing complete.
[sensor] processing message...
[threshold] processing message...
[sensor] processing complete.
[threshold] processing complete.
[log] processing message...
[09:49:46.446][log] {temperature=15.1, unit=°C, sensorId=sensor, timestamp=1776646186446}
[log] processing complete.
[file] processing message...
[file] processing complete.
[sensor] processing message...
[sensor] processing complete.
[threshold] processing message...
[threshold] processing complete.
[alertNode] processing message...
[09:49:47.446][alertNode] {temperature=38.8, unit=°C, sensorId=sensor, timestamp=1776646187446}
[alertNode] processing complete.
[sensor] processing message...
[sensor] processing complete.
[threshold] processing message...
[threshold] processing complete.
]]></system-out>
  </testcase>
  <testcase name="file" classname="com.fbp.engine.AppTest$message" time="7.012">
    <system-out><![CDATA[09:49:48.450 [main] INFO com.fbp.engine.core.FlowEngine -- [Engine] 플로우 testFlow 등록됨
[sensor] processing message...
[sensor] processing complete.
[threshold] processing message...
[threshold] processing complete.
[alertNode] processing message...
[09:49:48.452][alertNode] {temperature=34.5, unit=°C, sensorId=sensor, timestamp=1776646188452}
[alertNode] processing complete.
09:49:48.452 [main] INFO com.fbp.engine.core.FlowEngine -- [Engine] 플로우 'testFlow' 시작됨
[sensor] processing message...
[sensor] processing complete.
[threshold] processing message...
[threshold] processing complete.
[alertNode] processing message...
[09:49:49.457][alertNode] {temperature=43.1, unit=°C, sensorId=sensor, timestamp=1776646189457}
[alertNode] processing complete.
[sensor] processing message...
[sensor] processing complete.
[threshold] processing message...
[threshold] processing complete.
[log] processing message...
[09:49:50.457][log] {temperature=26.8, unit=°C, sensorId=sensor, timestamp=1776646190457}
[log] processing complete.
[file] processing message...
[file] processing complete.
[sensor] processing message...
[sensor] processing complete.
[threshold] processing message...
[threshold] processing complete.
[log] processing message...
[09:49:51.454][log] {temperature=16.9, unit=°C, sensorId=sensor, timestamp=1776646191454}
[log] processing complete.
[file] processing message...
[file] processing complete.
[sensor] processing message...
[sensor] processing complete.
[threshold] processing message...
[threshold] processing complete.
[log] processing message...
[09:49:52.457][log] {temperature=16.3, unit=°C, sensorId=sensor, timestamp=1776646192457}
[log] processing complete.
[file] processing message...
[file] processing complete.
[sensor] processing message...
[sensor] processing complete.
[threshold] processing message...
[threshold] processing complete.
[alertNode] processing message...
[09:49:53.457][alertNode] {temperature=36.3, unit=°C, sensorId=sensor, timestamp=1776646193457}
[alertNode] processing complete.
[sensor] processing message...
[sensor] processing complete.
[threshold] processing message...
[threshold] processing complete.
[alertNode] processing message...
[09:49:54.457][alertNode] {temperature=36.0, unit=°C, sensorId=sensor, timestamp=1776646194457}
[alertNode] processing complete.
[sensor] processing message...
[sensor] processing complete.
[threshold] processing message...
[threshold] processing complete.
[alertNode] processing message...
[09:49:55.457][alertNode] {temperature=38.7, unit=°C, sensorId=sensor, timestamp=1776646195457}
[alertNode] processing complete.
]]></system-out>
  </testcase>
  <testcase name="sensor_data_format" classname="com.fbp.engine.AppTest$message" time="7.015">
    <system-out><![CDATA[09:49:55.463 [main] INFO com.fbp.engine.core.FlowEngine -- [Engine] 플로우 testFlow 등록됨
[sensor] processing message...
[sensor] processing complete.
[threshold] processing message...
[threshold] processing complete.
[alertNode] processing message...
[09:49:55.465][alertNode] {temperature=41.4, unit=°C, sensorId=sensor, timestamp=1776646195464}
[alertNode] processing complete.
09:49:55.465 [main] INFO com.fbp.engine.core.FlowEngine -- [Engine] 플로우 'testFlow' 시작됨
[sensor] processing message...
[sensor] processing complete.
[threshold] processing message...
[threshold] processing complete.
[alertNode] processing message...
[09:49:56.470][alertNode] {temperature=38.7, unit=°C, sensorId=sensor, timestamp=1776646196470}
[alertNode] processing complete.
[sensor] processing message...
[sensor] processing complete.
[threshold] processing message...
[threshold] processing complete.
[log] processing message...
[09:49:57.470][log] {temperature=29.3, unit=°C, sensorId=sensor, timestamp=1776646197470}
[log] processing complete.
[file] processing message...
[file] processing complete.
[sensor] processing message...
[sensor] processing complete.
[threshold] processing message...
[threshold] processing complete.
[log] processing message...
[09:49:58.467][log] {temperature=16.5, unit=°C, sensorId=sensor, timestamp=1776646198466}
[log] processing complete.
[file] processing message...
[file] processing complete.
[sensor] processing message...
[sensor] processing complete.
[threshold] processing message...
[threshold] processing complete.
[log] processing message...
[09:49:59.470][log] {temperature=29.6, unit=°C, sensorId=sensor, timestamp=1776646199470}
[log] processing complete.
[file] processing message...
[file] processing complete.
[sensor] processing message...
[sensor] processing complete.
[threshold] processing message...
[threshold] processing complete.
[alertNode] processing message...
[09:50:00.469][alertNode] {temperature=31.9, unit=°C, sensorId=sensor, timestamp=1776646200469}
[alertNode] processing complete.
[sensor] processing message...
[sensor] processing complete.
[threshold] processing message...
[threshold] processing complete.
[log] processing message...
[09:50:01.469][log] {temperature=20.2, unit=°C, sensorId=sensor, timestamp=1776646201468}
[log] processing complete.
[file] processing message...
[file] processing complete.
[sensor] processing message...
[sensor] processing complete.
[threshold] processing message...
[threshold] processing complete.
[alertNode] processing message...
[09:50:02.468][alertNode] {temperature=43.2, unit=°C, sensorId=sensor, timestamp=1776646202467}
[alertNode] processing complete.
]]></system-out>
  </testcase>
  <testcase name="alert_message" classname="com.fbp.engine.AppTest$message" time="7.011">
    <system-out><![CDATA[09:50:02.479 [main] INFO com.fbp.engine.core.FlowEngine -- [Engine] 플로우 testFlow 등록됨
[sensor] processing message...
[sensor] processing complete.
[threshold] processing message...
[threshold] processing complete.
[log] processing message...
09:50:02.481 [main] INFO com.fbp.engine.core.FlowEngine -- [Engine] 플로우 'testFlow' 시작됨
[09:50:02.481][log] {temperature=15.4, unit=°C, sensorId=sensor, timestamp=1776646202480}
[log] processing complete.
[file] processing message...
[file] processing complete.
[sensor] processing message...
[sensor] processing complete.
[threshold] processing message...
[threshold] processing complete.
[alertNode] processing message...
[09:50:03.485][alertNode] {temperature=37.6, unit=°C, sensorId=sensor, timestamp=1776646203485}
[alertNode] processing complete.
[sensor] processing message...
[sensor] processing complete.
[threshold] processing message...
[threshold] processing complete.
[alertNode] processing message...
[09:50:04.485][alertNode] {temperature=35.7, unit=°C, sensorId=sensor, timestamp=1776646204485}
[alertNode] processing complete.
[sensor] processing message...
[sensor] processing complete.
[threshold] processing message...
[threshold] processing complete.
[alertNode] processing message...
[09:50:05.485][alertNode] {temperature=34.7, unit=°C, sensorId=sensor, timestamp=1776646205485}
[alertNode] processing complete.
[sensor] processing message...
[threshold] processing message...
[sensor] processing complete.
[threshold] processing complete.
[log] processing message...
[09:50:06.485][log] {temperature=16.9, unit=°C, sensorId=sensor, timestamp=1776646206485}
[log] processing complete.
[file] processing message...
[file] processing complete.
[sensor] processing message...
[sensor] processing complete.
[threshold] processing message...
[threshold] processing complete.
[log] processing message...
[09:50:07.485][log] {temperature=21.6, unit=°C, sensorId=sensor, timestamp=1776646207485}
[file] processing message...
[log] processing complete.
[file] processing complete.
[sensor] processing message...
[sensor] processing complete.
[threshold] processing message...
[threshold] processing complete.
[log] processing message...
[09:50:08.485][log] {temperature=29.4, unit=°C, sensorId=sensor, timestamp=1776646208485}
[log] processing complete.
[file] processing message...
[file] processing complete.
[sensor] processing message...
[sensor] processing complete.
[threshold] processing message...
[threshold] processing complete.
[alertNode] processing message...
[09:50:09.486][alertNode] {temperature=39.3, unit=°C, sensorId=sensor, timestamp=1776646209485}
[alertNode] processing complete.
]]></system-out>
  </testcase>
  <testcase name="normal_message" classname="com.fbp.engine.AppTest$message" time="7.011">
    <system-out><![CDATA[09:50:09.491 [main] INFO com.fbp.engine.core.FlowEngine -- [Engine] 플로우 testFlow 등록됨
[sensor] processing message...
[sensor] processing complete.
[threshold] processing message...
[threshold] processing complete.
[alertNode] processing message...
[09:50:09.493][alertNode] {temperature=39.0, unit=°C, sensorId=sensor, timestamp=1776646209492}
[alertNode] processing complete.
09:50:09.493 [main] INFO com.fbp.engine.core.FlowEngine -- [Engine] 플로우 'testFlow' 시작됨
[sensor] processing message...
[sensor] processing complete.
[threshold] processing message...
[threshold] processing complete.
[log] processing message...
[09:50:10.498][log] {temperature=19.9, unit=°C, sensorId=sensor, timestamp=1776646210498}
[log] processing complete.
[file] processing message...
[file] processing complete.
[sensor] processing message...
[sensor] processing complete.
[threshold] processing message...
[threshold] processing complete.
[log] processing message...
[09:50:11.498][log] {temperature=27.4, unit=°C, sensorId=sensor, timestamp=1776646211498}
[log] processing complete.
[file] processing message...
[file] processing complete.
[sensor] processing message...
[sensor] processing complete.
[threshold] processing message...
[threshold] processing complete.
[alertNode] processing message...
[09:50:12.493][alertNode] {temperature=41.7, unit=°C, sensorId=sensor, timestamp=1776646212492}
[alertNode] processing complete.
[sensor] processing message...
[sensor] processing complete.
[threshold] processing message...
[threshold] processing complete.
[alertNode] processing message...
[09:50:13.495][alertNode] {temperature=38.5, unit=°C, sensorId=sensor, timestamp=1776646213495}
[alertNode] processing complete.
[sensor] processing message...
[sensor] processing complete.
[threshold] processing message...
[threshold] processing complete.
[alertNode] processing message...
[09:50:14.498][alertNode] {temperature=39.5, unit=°C, sensorId=sensor, timestamp=1776646214498}
[alertNode] processing complete.
[sensor] processing message...
[sensor] processing complete.
[threshold] processing message...
[threshold] processing complete.
[alertNode] processing message...
[09:50:15.498][alertNode] {temperature=42.9, unit=°C, sensorId=sensor, timestamp=1776646215498}
[alertNode] processing complete.
[sensor] processing message...
[sensor] processing complete.
[threshold] processing message...
[threshold] processing complete.
[log] processing message...
[09:50:16.498][log] {temperature=20.0, unit=°C, sensorId=sensor, timestamp=1776646216498}
[log] processing complete.
[file] processing message...
[file] processing complete.
]]></system-out>
  </testcase>
</testsuite>